<?xml version="1.0" encoding="UTF-8"?>
<testsuite name="fs.four.gamo.GamoApplicationTests" tests="1" skipped="0" failures="0" errors="0" timestamp="2024-12-10T00:07:44" hostname="DESKTOP-G5UUGM3" time="1.488">
  <properties/>
  <testcase name="contextLoads()" classname="fs.four.gamo.GamoApplicationTests" time="1.488"/>
  <system-out><![CDATA[09:07:39.802 [Test worker] INFO org.springframework.test.context.support.AnnotationConfigContextLoaderUtils -- Could not detect default configuration classes for test class [fs.four.gamo.GamoApplicationTests]: GamoApplicationTests does not declare any static, non-private, non-final, nested classes annotated with @Configuration.
09:07:40.058 [Test worker] INFO org.springframework.boot.test.context.SpringBootTestContextBootstrapper -- Found @SpringBootConfiguration fs.four.gamo.GamoApplication for test class fs.four.gamo.GamoApplicationTests

  .   ____          _            __ _ _
 /\\ / ___'_ __ _ _(_)_ __  __ _ \ \ \ \
( ( )\___ | '_ | '_| | '_ \/ _` | \ \ \ \
 \\/  ___)| |_)| | | | | || (_| |  ) ) ) )
  '  |____| .__|_| |_|_| |_\__, | / / / /
 =========|_|==============|___/=/_/_/_/

 :: Spring Boot ::                (v3.4.0)

2024-12-10T09:07:40.978+09:00  INFO 17296 --- [gamo] [    Test worker] fs.four.gamo.GamoApplicationTests        : Starting GamoApplicationTests using Java 17.0.11 with PID 17296 (started by admin in D:\gamo)
2024-12-10T09:07:40.981+09:00  INFO 17296 --- [gamo] [    Test worker] fs.four.gamo.GamoApplicationTests        : No active profile set, falling back to 1 default profile: "default"
2024-12-10T09:07:44.067+09:00  INFO 17296 --- [gamo] [    Test worker] fs.four.gamo.GamoApplicationTests        : Started GamoApplicationTests in 3.551 seconds (process running for 5.519)
]]></system-out>
  <system-err><![CDATA[]]></system-err>
</testsuite>
